<?xml version="1.0" encoding="UTF-8"?>
<!-- Generated by org.testng.reporters.JUnitReportReporter -->
<testsuite hostname="BA-000424806" failures="0" tests="1" name="TestCases.SignoutTestcases" time="2.511" errors="0" timestamp="2023-04-13T16:55:50 IST" skipped="0">
  <testcase classname="TestCases.SignoutTestcases" name="SignoutValidation" time="2.511"/>
  <system-out/>
</testsuite> <!-- TestCases.SignoutTestcases -->
