<?xml version="1.0" encoding="UTF-8"?>
<!-- Generated by org.testng.reporters.JUnitReportReporter -->
<testsuite hostname="BA-000424806" failures="0" tests="1" name="TestCases.nagativeScenarioTestcases" time="0.140" errors="0" timestamp="2023-04-07T11:19:25 IST" skipped="0">
  <testcase classname="TestCases.nagativeScenarioTestcases" name="nagativeScenario" time="0.140"/>
  <system-out/>
</testsuite> <!-- TestCases.nagativeScenarioTestcases -->
