<?xml version="1.0" encoding="UTF-8"?>
<!-- Generated by org.testng.reporters.JUnitReportReporter -->
<testsuite hostname="BA-000424806" failures="0" tests="1" name="TestCases.NewTest" time="0.647" errors="0" timestamp="2023-04-01T23:03:44 IST" skipped="0">
  <testcase classname="TestCases.NewTest" name="f" time="0.647"/>
  <system-out/>
</testsuite> <!-- TestCases.NewTest -->
