<?xml version="1.0" encoding="UTF-8"?>
<!-- Generated by org.testng.reporters.JUnitReportReporter -->
<testsuite hostname="BA-000424806" failures="0" tests="1" name="TestCases.NewTest" time="0.060" errors="0" timestamp="2023-03-29T11:01:34 IST" skipped="0">
  <testcase classname="TestCases.NewTest" name="f" time="0.060"/>
  <system-out/>
</testsuite> <!-- TestCases.NewTest -->
