<?xml version="1.0" encoding="UTF-8"?>
<!-- Generated by org.testng.reporters.JUnitReportReporter -->
<testsuite hostname="BA-000424806" failures="0" tests="2" name="TestCases.registrationpagetestcases" time="1.065" errors="0" timestamp="2023-04-07T11:19:25 IST" skipped="0">
  <testcase classname="TestCases.registrationpagetestcases" name="myaccountdropdownvalidation" time="0.292"/>
  <system-out/>
  <testcase classname="TestCases.registrationpagetestcases" name="myregistrationvalidation" time="0.773"/>
  <system-out/>
</testsuite> <!-- TestCases.registrationpagetestcases -->
