<?xml version="1.0" encoding="UTF-8"?>
<!-- Generated by org.testng.reporters.JUnitReportReporter -->
<testsuite hostname="BA-000424806" failures="0" tests="1" name="TestCases.SigninPageTestcases" time="1.674" errors="0" timestamp="2023-04-13T16:55:50 IST" skipped="0">
  <testcase classname="TestCases.SigninPageTestcases" name="signinDrvalidation" time="1.674"/>
  <system-out/>
</testsuite> <!-- TestCases.SigninPageTestcases -->
