<?xml version="1.0" encoding="UTF-8"?>
<!-- Generated by org.testng.reporters.JUnitReportReporter -->
<testsuite hostname="BA-000424806" failures="0" tests="1" name="TestCases.CreateAccountPageTestcases" time="13.624" errors="0" timestamp="2023-04-13T16:55:50 IST" skipped="0">
  <testcase classname="TestCases.CreateAccountPageTestcases" name="verifyingDefaultMessage" time="13.624"/>
  <system-out/>
</testsuite> <!-- TestCases.CreateAccountPageTestcases -->
