<?xml version="1.0" encoding="UTF-8"?>
<!-- Generated by org.testng.reporters.JUnitReportReporter -->
<testsuite hostname="BA-000424806" failures="0" tests="1" name="TestCases.CreateAccountPageTestcases" time="13.807" errors="0" timestamp="2023-04-14T12:16:59 IST" skipped="0">
  <testcase classname="TestCases.CreateAccountPageTestcases" name="verifyingDefaultMessage" time="13.807"/>
  <system-out/>
</testsuite> <!-- TestCases.CreateAccountPageTestcases -->
