<?xml version="1.0" encoding="UTF-8"?>
<!-- Generated by org.testng.reporters.JUnitReportReporter -->
<testsuite hostname="BA-000424806" failures="0" tests="1" name="TestCases.SignoutTestcases" time="2.601" errors="0" timestamp="2023-04-14T12:16:59 IST" skipped="0">
  <testcase classname="TestCases.SignoutTestcases" name="SignoutValidation" time="2.601"/>
  <system-out/>
</testsuite> <!-- TestCases.SignoutTestcases -->
